<?xml version="1.0" encoding="UTF-8"?>
<!-- Generated by org.testng.reporters.JUnitXMLReporter -->
<testsuite hostname="DESKTOP-7O9TFMS" ignored="2" name="Test" tests="2" failures="1" timestamp="2021-02-08T11:35:18 IST" time="98.951" errors="0">
  <testcase name="loginTest" time="0.75" classname="com.auto.testcases.Login_TC_1"/>
  <testcase name="loginTest2" time="0.003" classname="com.auto.testcases.Login_TC_2">
    <failure type="java.lang.ArithmeticException" message="/ by zero">
      <![CDATA[java.lang.ArithmeticException: / by zero
at com.auto.testcases.Login_TC_2.loginTest2(Login_TC_2.java:34)
at java.util.ArrayList.forEach(Unknown Source)
... Removed 27 stack frames]]>
    </failure>
  </testcase> <!-- loginTest2 -->
  <testcase name="@BeforeSuite setUpSuite" time="0.0" classname="com.auto.testcases.TestBase">
    <ignored/>
  </testcase> <!-- @BeforeSuite setUpSuite -->
  <testcase name="@AfterSuite tearDownSuite" time="0.0" classname="com.auto.testcases.TestBase">
    <ignored/>
  </testcase> <!-- @AfterSuite tearDownSuite -->
</testsuite> <!-- Test -->
